app/build/intermediates/manifest_merge_blame_file/release/manifest-merger-blame-release-report.txt
1<?xml version="1.0" encoding="utf-8"?>
2<manifest xmlns:android="http://schemas.android.com/apk/res/android"
3    package="com.dreamguys.truelysell"
4    android:versionCode="27"
5    android:versionName="2.1.7" >
6
7    <uses-sdk
8        android:minSdkVersion="21"
8-->src\main\AndroidManifest.xml
9        android:targetSdkVersion="30" />
9-->src\main\AndroidManifest.xml
10
11    <!-- To auto-complete the email text field in the login form with the user's emails -->
12    <uses-permission android:name="android.permission.GET_ACCOUNTS" />
12-->src\main\AndroidManifest.xml:7:5-71
12-->src\main\AndroidManifest.xml:7:22-68
13    <uses-permission android:name="android.permission.READ_PROFILE" />
13-->src\main\AndroidManifest.xml:8:5-71
13-->src\main\AndroidManifest.xml:8:22-68
14    <uses-permission android:name="android.permission.READ_CONTACTS" />
14-->src\main\AndroidManifest.xml:9:5-72
14-->src\main\AndroidManifest.xml:9:22-69
15    <uses-permission android:name="android.permission.INTERNET" />
15-->src\main\AndroidManifest.xml:10:5-67
15-->src\main\AndroidManifest.xml:10:22-64
16    <uses-permission android:name="android.permission.ACCESS_NETWORK_STATE" />
16-->src\main\AndroidManifest.xml:11:5-79
16-->src\main\AndroidManifest.xml:11:22-76
17    <uses-permission android:name="android.permission.READ_EXTERNAL_STORAGE" />
17-->src\main\AndroidManifest.xml:12:5-80
17-->src\main\AndroidManifest.xml:12:22-77
18    <uses-permission android:name="android.permission.WRITE_EXTERNAL_STORAGE" />
18-->src\main\AndroidManifest.xml:13:5-81
18-->src\main\AndroidManifest.xml:13:22-78
19    <uses-permission android:name="android.permission.CAMERA" />
19-->src\main\AndroidManifest.xml:14:5-65
19-->src\main\AndroidManifest.xml:14:22-62
20    <uses-permission android:name="android.permission.ACCESS_FINE_LOCATION" />
20-->src\main\AndroidManifest.xml:15:5-79
20-->src\main\AndroidManifest.xml:15:22-76
21    <uses-permission android:name="android.permission.ACCESS_COARSE_LOCATION" />
21-->src\main\AndroidManifest.xml:16:5-81
21-->src\main\AndroidManifest.xml:16:22-78
22    <uses-permission android:name="android.permission.SET_ALARM" />
22-->src\main\AndroidManifest.xml:17:5-68
22-->src\main\AndroidManifest.xml:17:22-65
23
24    <uses-feature
24-->src\main\AndroidManifest.xml:20:5-22:36
25        android:name="android.hardware.camera"
25-->src\main\AndroidManifest.xml:21:9-47
26        android:required="false" />
26-->src\main\AndroidManifest.xml:22:9-33
27    <uses-feature
27-->src\main\AndroidManifest.xml:23:5-25:36
28        android:name="android.hardware.camera.autofocus"
28-->src\main\AndroidManifest.xml:24:9-57
29        android:required="false" />
29-->src\main\AndroidManifest.xml:25:9-33
30
31    <uses-permission android:name="android.permission.ACCESS_WIFI_STATE" />
31-->[com.google.android.libraries.places:places:2.5.0] AndroidManifest.xml:10:5-76
31-->[com.google.android.libraries.places:places:2.5.0] AndroidManifest.xml:10:22-73
32    <uses-permission android:name="android.permission.VIBRATE" />
32-->[co.paystack.android.design.widget:pinpad:1.0.4] AndroidManifest.xml:11:5-66
32-->[co.paystack.android.design.widget:pinpad:1.0.4] AndroidManifest.xml:11:22-63
33
34    <queries>
34-->[com.braintreepayments:browser-switch:1.1.3] AndroidManifest.xml:11:5-19:15
35        <intent>
35-->[com.braintreepayments:browser-switch:1.1.3] AndroidManifest.xml:12:9-18:18
36            <action android:name="android.intent.action.VIEW" />
36-->src\main\AndroidManifest.xml:383:17-69
36-->src\main\AndroidManifest.xml:383:25-66
37
38            <category android:name="android.intent.category.BROWSABLE" />
38-->src\main\AndroidManifest.xml:386:17-78
38-->src\main\AndroidManifest.xml:386:27-75
39
40            <data android:scheme="https" />
40-->src\main\AndroidManifest.xml:388:23-66
41        </intent>
42        <!-- Needs to be explicitly declared on Android R+ -->
43        <package android:name="com.google.android.apps.maps" />
43-->[com.google.android.gms:play-services-maps:18.0.0] AndroidManifest.xml:33:9-64
43-->[com.google.android.gms:play-services-maps:18.0.0] AndroidManifest.xml:33:18-61
44    </queries>
45
46    <uses-feature
46-->[com.google.android.gms:play-services-maps:18.0.0] AndroidManifest.xml:26:5-28:35
47        android:glEsVersion="0x00020000"
47-->[com.google.android.gms:play-services-maps:18.0.0] AndroidManifest.xml:27:9-41
48        android:required="true" />
48-->[com.google.android.gms:play-services-maps:18.0.0] AndroidManifest.xml:28:9-32
49
50    <uses-permission android:name="android.permission.WAKE_LOCK" /> <!-- Required by older versions of Google Play services to create IID tokens -->
50-->[com.google.android.gms:play-services-measurement-api:16.4.0] AndroidManifest.xml:24:5-68
50-->[com.google.android.gms:play-services-measurement-api:16.4.0] AndroidManifest.xml:24:22-65
51    <uses-permission android:name="com.google.android.c2dm.permission.RECEIVE" />
51-->[com.google.firebase:firebase-iid:17.1.2] AndroidManifest.xml:26:5-82
51-->[com.google.firebase:firebase-iid:17.1.2] AndroidManifest.xml:26:22-79
52    <uses-permission android:name="com.google.android.finsky.permission.BIND_GET_INSTALL_REFERRER_SERVICE" />
52-->[com.google.android.gms:play-services-measurement:16.4.0] AndroidManifest.xml:26:5-110
52-->[com.google.android.gms:play-services-measurement:16.4.0] AndroidManifest.xml:26:22-107
53
54    <application
54-->src\main\AndroidManifest.xml:27:5-436:19
55        android:name="com.dreamguys.truelysell.MyApplication"
55-->src\main\AndroidManifest.xml:28:9-38
56        android:allowBackup="false"
56-->src\main\AndroidManifest.xml:29:9-36
57        android:appComponentFactory="true"
57-->src\main\AndroidManifest.xml:30:9-43
58        android:icon="@drawable/ic_app_icon"
58-->src\main\AndroidManifest.xml:31:9-45
59        android:label="@string/app_name"
59-->src\main\AndroidManifest.xml:32:9-41
60        android:largeHeap="true"
60-->src\main\AndroidManifest.xml:33:9-33
61        android:requestLegacyExternalStorage="true"
61-->src\main\AndroidManifest.xml:34:9-52
62        android:supportsRtl="true"
62-->src\main\AndroidManifest.xml:35:9-35
63        android:theme="@style/AppTheme"
63-->src\main\AndroidManifest.xml:36:9-40
64        android:usesCleartextTraffic="true" >
64-->src\main\AndroidManifest.xml:37:9-44
65        <uses-library
65-->src\main\AndroidManifest.xml:40:9-42:40
66            android:name="org.apache.http.legacy"
66-->src\main\AndroidManifest.xml:41:13-50
67            android:required="false" />
67-->src\main\AndroidManifest.xml:42:13-37
68
69        <meta-data
69-->src\main\AndroidManifest.xml:44:9-46:79
70            android:name="co.paystack.android.PublicKey"
70-->src\main\AndroidManifest.xml:45:13-57
71            android:value="pk_test_eb3a128d1fcabd55b1fdb61fb479cd586c26c73b" />
71-->src\main\AndroidManifest.xml:46:13-77
72        <meta-data
72-->src\main\AndroidManifest.xml:48:9-50:55
73            android:name="com.facebook.sdk.ApplicationId"
73-->src\main\AndroidManifest.xml:49:13-58
74            android:value="@string/facebook_app_id" />
74-->src\main\AndroidManifest.xml:50:13-52
75        <meta-data
75-->src\main\AndroidManifest.xml:52:9-54:58
76            android:name="com.google.android.geo.API_KEY"
76-->src\main\AndroidManifest.xml:53:13-58
77            android:value="@string/GooglePlacesAPIKey" />
77-->src\main\AndroidManifest.xml:54:13-55
78        <meta-data
78-->src\main\AndroidManifest.xml:56:9-58:69
79            android:name="com.google.android.gms.version"
79-->src\main\AndroidManifest.xml:57:13-58
80            android:value="@integer/google_play_services_version" />
80-->src\main\AndroidManifest.xml:58:13-66
81
82        <!-- FCM notification -->
83        <service android:name="com.dreamguys.truelysell.service.MyFirebaseMessagingService" >
83-->src\main\AndroidManifest.xml:61:9-65:19
83-->src\main\AndroidManifest.xml:61:18-68
84            <intent-filter>
84-->src\main\AndroidManifest.xml:62:13-64:29
85                <action android:name="com.google.firebase.MESSAGING_EVENT" />
85-->src\main\AndroidManifest.xml:63:17-78
85-->src\main\AndroidManifest.xml:63:25-75
86            </intent-filter>
87        </service>
88
89        <meta-data
89-->src\main\AndroidManifest.xml:67:9-69:56
90            android:name="com.google.firebase.messaging.default_notification_icon"
90-->src\main\AndroidManifest.xml:68:13-83
91            android:resource="@drawable/ic_app_icon" />
91-->src\main\AndroidManifest.xml:69:13-53
92        <meta-data
92-->src\main\AndroidManifest.xml:71:9-73:53
93            android:name="com.google.firebase.messaging.default_notification_color"
93-->src\main\AndroidManifest.xml:72:13-84
94            android:resource="@color/colorAccent" />
94-->src\main\AndroidManifest.xml:73:13-50
95        <meta-data
95-->src\main\AndroidManifest.xml:75:9-77:71
96            android:name="com.google.firebase.messaging.default_notification_channel_id"
96-->src\main\AndroidManifest.xml:76:13-89
97            android:value="@string/default_notification_channel_id" />
97-->src\main\AndroidManifest.xml:77:13-68
98
99        <activity
99-->src\main\AndroidManifest.xml:79:9-81:59
100            android:name="com.theartofdev.edmodo.cropper.CropImageActivity"
100-->src\main\AndroidManifest.xml:80:13-76
101            android:theme="@style/Base.Theme.AppCompat" />
101-->src\main\AndroidManifest.xml:81:13-56
102        <activity
102-->src\main\AndroidManifest.xml:83:9-94:20
103            android:name="com.dreamguys.truelysell.SplashScreenActivityNew"
103-->src\main\AndroidManifest.xml:84:13-52
104            android:configChanges="layoutDirection|locale"
104-->src\main\AndroidManifest.xml:85:13-59
105            android:screenOrientation="portrait"
105-->src\main\AndroidManifest.xml:86:13-49
106            android:theme="@style/Theme.AppCompat.Light.NoActionBar.FullScreen" >
106-->src\main\AndroidManifest.xml:87:13-80
107            <intent-filter>
107-->src\main\AndroidManifest.xml:89:13-93:29
108                <action android:name="android.intent.action.MAIN" />
108-->src\main\AndroidManifest.xml:90:17-69
108-->src\main\AndroidManifest.xml:90:25-66
109
110                <category android:name="android.intent.category.LAUNCHER" />
110-->src\main\AndroidManifest.xml:92:17-77
110-->src\main\AndroidManifest.xml:92:27-74
111            </intent-filter>
112        </activity>
113        <activity
113-->src\main\AndroidManifest.xml:96:9-101:56
114            android:name="com.dreamguys.truelysell.MapActivity"
114-->src\main\AndroidManifest.xml:97:13-40
115            android:configChanges="layoutDirection|locale"
115-->src\main\AndroidManifest.xml:98:13-59
116            android:screenOrientation="portrait"
116-->src\main\AndroidManifest.xml:99:13-49
117            android:theme="@style/Theme.AppCompat.Light.NoActionBar.FullScreen" />
117-->src\main\AndroidManifest.xml:100:13-80
118        <activity
118-->src\main\AndroidManifest.xml:103:9-108:56
119            android:name="com.dreamguys.truelysell.MapsGetDirections"
119-->src\main\AndroidManifest.xml:104:13-46
120            android:configChanges="layoutDirection|locale"
120-->src\main\AndroidManifest.xml:105:13-59
121            android:screenOrientation="portrait"
121-->src\main\AndroidManifest.xml:106:13-49
122            android:theme="@style/Theme.AppCompat.Light.NoActionBar.FullScreen" />
122-->src\main\AndroidManifest.xml:107:13-80
123        <activity
123-->src\main\AndroidManifest.xml:110:9-116:56
124            android:name="com.dreamguys.truelysell.MyProfileActivity"
124-->src\main\AndroidManifest.xml:111:13-46
125            android:configChanges="layoutDirection|locale"
125-->src\main\AndroidManifest.xml:112:13-59
126            android:screenOrientation="portrait"
126-->src\main\AndroidManifest.xml:113:13-49
127            android:theme="@style/AppThemeNoAction"
127-->src\main\AndroidManifest.xml:114:13-52
128            android:windowSoftInputMode="stateHidden|adjustNothing" />
128-->src\main\AndroidManifest.xml:115:13-68
129        <activity
129-->src\main\AndroidManifest.xml:118:9-124:56
130            android:name="com.dreamguys.truelysell.payment.Subscriptionpaymentactivity"
130-->src\main\AndroidManifest.xml:119:13-64
131            android:configChanges="layoutDirection|locale"
131-->src\main\AndroidManifest.xml:120:13-59
132            android:screenOrientation="portrait"
132-->src\main\AndroidManifest.xml:121:13-49
133            android:theme="@style/AppThemeNoAction"
133-->src\main\AndroidManifest.xml:122:13-52
134            android:windowSoftInputMode="stateHidden|adjustNothing" />
134-->src\main\AndroidManifest.xml:123:13-68
135        <activity
135-->src\main\AndroidManifest.xml:128:9-133:56
136            android:name="com.dreamguys.truelysell.ChatDetailActivity"
136-->src\main\AndroidManifest.xml:129:13-47
137            android:configChanges="layoutDirection|locale"
137-->src\main\AndroidManifest.xml:130:13-59
138            android:screenOrientation="portrait"
138-->src\main\AndroidManifest.xml:131:13-49
139            android:theme="@style/AppThemeNoAction" />
139-->src\main\AndroidManifest.xml:132:13-52
140        <activity
140-->src\main\AndroidManifest.xml:134:9-139:56
141            android:name="com.dreamguys.truelysell.SubscriptionActivity"
141-->src\main\AndroidManifest.xml:135:13-49
142            android:configChanges="layoutDirection|locale"
142-->src\main\AndroidManifest.xml:136:13-59
143            android:screenOrientation="portrait"
143-->src\main\AndroidManifest.xml:137:13-49
144            android:theme="@style/AppThemeNoAction" />
144-->src\main\AndroidManifest.xml:138:13-52
145        <activity
145-->src\main\AndroidManifest.xml:141:9-146:56
146            android:name="com.dreamguys.truelysell.viewwidgets.FullScreenImageView"
146-->src\main\AndroidManifest.xml:142:13-60
147            android:configChanges="layoutDirection|locale"
147-->src\main\AndroidManifest.xml:143:13-59
148            android:screenOrientation="portrait"
148-->src\main\AndroidManifest.xml:144:13-49
149            android:theme="@style/AppThemeNoAction" />
149-->src\main\AndroidManifest.xml:145:13-52
150        <activity
150-->src\main\AndroidManifest.xml:148:9-153:56
151            android:name="com.dreamguys.truelysell.SubscriptionThankYouActivity"
151-->src\main\AndroidManifest.xml:149:13-57
152            android:configChanges="layoutDirection|locale"
152-->src\main\AndroidManifest.xml:150:13-59
153            android:screenOrientation="portrait"
153-->src\main\AndroidManifest.xml:151:13-49
154            android:theme="@style/AppThemeNoAction" />
154-->src\main\AndroidManifest.xml:152:13-52
155        <activity
155-->src\main\AndroidManifest.xml:155:9-160:56
156            android:name="com.dreamguys.truelysell.payment.PayStackActivity"
156-->src\main\AndroidManifest.xml:156:13-53
157            android:configChanges="layoutDirection|locale"
157-->src\main\AndroidManifest.xml:157:13-59
158            android:screenOrientation="portrait"
158-->src\main\AndroidManifest.xml:158:13-49
159            android:theme="@style/AppThemeNoAction" />
159-->src\main\AndroidManifest.xml:159:13-52
160        <activity
160-->src\main\AndroidManifest.xml:165:9-170:56
161            android:name="com.dreamguys.truelysell.payment.StripePayActivity"
161-->src\main\AndroidManifest.xml:166:13-54
162            android:configChanges="layoutDirection|locale"
162-->src\main\AndroidManifest.xml:167:13-59
163            android:screenOrientation="portrait"
163-->src\main\AndroidManifest.xml:168:13-49
164            android:theme="@style/AppThemeNoAction" />
164-->src\main\AndroidManifest.xml:169:13-52
165        <activity
165-->src\main\AndroidManifest.xml:172:9-177:56
166            android:name="com.dreamguys.truelysell.GoToSubscriptionActivity"
166-->src\main\AndroidManifest.xml:173:13-53
167            android:configChanges="layoutDirection|locale"
167-->src\main\AndroidManifest.xml:174:13-59
168            android:screenOrientation="portrait"
168-->src\main\AndroidManifest.xml:175:13-49
169            android:theme="@style/AppThemeNoAction" />
169-->src\main\AndroidManifest.xml:176:13-52
170        <activity
170-->src\main\AndroidManifest.xml:180:9-186:56
171            android:name="com.dreamguys.truelysell.RateProviderActivity"
171-->src\main\AndroidManifest.xml:181:13-49
172            android:configChanges="layoutDirection|locale"
172-->src\main\AndroidManifest.xml:182:13-59
173            android:screenOrientation="portrait"
173-->src\main\AndroidManifest.xml:183:13-49
174            android:theme="@style/AppThemeNoAction"
174-->src\main\AndroidManifest.xml:184:13-52
175            android:windowSoftInputMode="stateHidden|adjustNothing" />
175-->src\main\AndroidManifest.xml:185:13-68
176        <activity
176-->src\main\AndroidManifest.xml:188:9-193:56
177            android:name="com.dreamguys.truelysell.WebViewActivity"
177-->src\main\AndroidManifest.xml:189:13-44
178            android:configChanges="layoutDirection|locale"
178-->src\main\AndroidManifest.xml:190:13-59
179            android:screenOrientation="portrait"
179-->src\main\AndroidManifest.xml:191:13-49
180            android:theme="@style/Theme.AppCompat.Light.NoActionBar.FullScreen" />
180-->src\main\AndroidManifest.xml:192:13-80
181        <activity
181-->src\main\AndroidManifest.xml:195:9-200:56
182            android:name="com.dreamguys.truelysell.GetAJobMapViewActivity"
182-->src\main\AndroidManifest.xml:196:13-51
183            android:configChanges="layoutDirection|locale"
183-->src\main\AndroidManifest.xml:197:13-59
184            android:screenOrientation="portrait"
184-->src\main\AndroidManifest.xml:198:13-49
185            android:theme="@style/Theme.AppCompat.Light.NoActionBar.FullScreen" />
185-->src\main\AndroidManifest.xml:199:13-80
186        <activity
186-->src\main\AndroidManifest.xml:204:9-210:56
187            android:name="com.dreamguys.truelysell.ViewAllServicesActivity"
187-->src\main\AndroidManifest.xml:205:13-52
188            android:configChanges="layoutDirection|locale"
188-->src\main\AndroidManifest.xml:206:13-59
189            android:screenOrientation="portrait"
189-->src\main\AndroidManifest.xml:207:13-49
190            android:theme="@style/Theme.AppCompat.Light.NoActionBar.FullScreen"
190-->src\main\AndroidManifest.xml:208:13-80
191            android:windowSoftInputMode="stateHidden|adjustNothing" />
191-->src\main\AndroidManifest.xml:209:13-68
192        <activity
192-->src\main\AndroidManifest.xml:212:9-218:56
193            android:name="com.dreamguys.truelysell.ActivityServiceDetail"
193-->src\main\AndroidManifest.xml:213:13-50
194            android:configChanges="layoutDirection|locale"
194-->src\main\AndroidManifest.xml:214:13-59
195            android:screenOrientation="portrait"
195-->src\main\AndroidManifest.xml:215:13-49
196            android:theme="@style/Theme.AppCompat.Light.NoActionBar.FullScreen"
196-->src\main\AndroidManifest.xml:216:13-80
197            android:windowSoftInputMode="stateHidden|adjustNothing" />
197-->src\main\AndroidManifest.xml:217:13-68
198        <activity
198-->src\main\AndroidManifest.xml:220:9-226:56
199            android:name="com.dreamguys.truelysell.ActivityCreateService"
199-->src\main\AndroidManifest.xml:221:13-50
200            android:configChanges="layoutDirection|locale"
200-->src\main\AndroidManifest.xml:222:13-59
201            android:screenOrientation="portrait"
201-->src\main\AndroidManifest.xml:223:13-49
202            android:theme="@style/Theme.AppCompat.Light.NoActionBar.FullScreen"
202-->src\main\AndroidManifest.xml:224:13-80
203            android:windowSoftInputMode="stateHidden|adjustPan" />
203-->src\main\AndroidManifest.xml:225:13-64
204        <activity
204-->src\main\AndroidManifest.xml:229:9-235:56
205            android:name="com.dreamguys.truelysell.ActivityBookService"
205-->src\main\AndroidManifest.xml:230:13-48
206            android:configChanges="layoutDirection|locale"
206-->src\main\AndroidManifest.xml:231:13-59
207            android:screenOrientation="portrait"
207-->src\main\AndroidManifest.xml:232:13-49
208            android:theme="@style/Theme.AppCompat.Light.NoActionBar.FullScreen"
208-->src\main\AndroidManifest.xml:233:13-80
209            android:windowSoftInputMode="stateHidden|adjustPan" />
209-->src\main\AndroidManifest.xml:234:13-64
210        <activity
210-->src\main\AndroidManifest.xml:237:9-243:56
211            android:name="com.dreamguys.truelysell.HomeActivity"
211-->src\main\AndroidManifest.xml:238:13-41
212            android:configChanges="layoutDirection|locale"
212-->src\main\AndroidManifest.xml:239:13-59
213            android:screenOrientation="portrait"
213-->src\main\AndroidManifest.xml:240:13-49
214            android:theme="@style/Theme.AppCompat.Light.NoActionBar.FullScreen"
214-->src\main\AndroidManifest.xml:241:13-80
215            android:windowSoftInputMode="stateHidden|adjustNothing" />
215-->src\main\AndroidManifest.xml:242:13-68
216        <activity
216-->src\main\AndroidManifest.xml:245:9-251:56
217            android:name="com.dreamguys.truelysell.MyProviderServicesActivitynew"
217-->src\main\AndroidManifest.xml:246:13-58
218            android:configChanges="layoutDirection|locale"
218-->src\main\AndroidManifest.xml:247:13-59
219            android:screenOrientation="portrait"
219-->src\main\AndroidManifest.xml:248:13-49
220            android:theme="@style/Theme.AppCompat.Light.NoActionBar.FullScreen"
220-->src\main\AndroidManifest.xml:249:13-80
221            android:windowSoftInputMode="stateHidden|adjustNothing" />
221-->src\main\AndroidManifest.xml:250:13-68
222        <activity
222-->src\main\AndroidManifest.xml:253:9-259:56
223            android:name="com.dreamguys.truelysell.EditServiceActivity"
223-->src\main\AndroidManifest.xml:254:13-48
224            android:configChanges="layoutDirection|locale"
224-->src\main\AndroidManifest.xml:255:13-59
225            android:screenOrientation="portrait"
225-->src\main\AndroidManifest.xml:256:13-49
226            android:theme="@style/Theme.AppCompat.Light.NoActionBar.FullScreen"
226-->src\main\AndroidManifest.xml:257:13-80
227            android:windowSoftInputMode="stateHidden|adjustPan" />
227-->src\main\AndroidManifest.xml:258:13-64
228        <activity
228-->src\main\AndroidManifest.xml:260:9-266:56
229            android:name="com.dreamguys.truelysell.ChangeAvailabilityActivity"
229-->src\main\AndroidManifest.xml:261:13-55
230            android:configChanges="layoutDirection|locale"
230-->src\main\AndroidManifest.xml:262:13-59
231            android:screenOrientation="portrait"
231-->src\main\AndroidManifest.xml:263:13-49
232            android:theme="@style/Theme.AppCompat.Light.NoActionBar.FullScreen"
232-->src\main\AndroidManifest.xml:264:13-80
233            android:windowSoftInputMode="stateHidden|adjustNothing" />
233-->src\main\AndroidManifest.xml:265:13-68
234        <activity
234-->src\main\AndroidManifest.xml:268:9-274:56
235            android:name="com.dreamguys.truelysell.ActivityBookingRequestDetail"
235-->src\main\AndroidManifest.xml:269:13-57
236            android:configChanges="layoutDirection|locale"
236-->src\main\AndroidManifest.xml:270:13-59
237            android:screenOrientation="portrait"
237-->src\main\AndroidManifest.xml:271:13-49
238            android:theme="@style/Theme.AppCompat.Light.NoActionBar.FullScreen"
238-->src\main\AndroidManifest.xml:272:13-80
239            android:windowSoftInputMode="stateHidden|adjustNothing" />
239-->src\main\AndroidManifest.xml:273:13-68
240        <activity
240-->src\main\AndroidManifest.xml:276:9-282:56
241            android:name="com.dreamguys.truelysell.SearchServicesActivity"
241-->src\main\AndroidManifest.xml:277:13-51
242            android:configChanges="layoutDirection|locale"
242-->src\main\AndroidManifest.xml:278:13-59
243            android:screenOrientation="portrait"
243-->src\main\AndroidManifest.xml:279:13-49
244            android:theme="@style/Theme.AppCompat.Light.NoActionBar.FullScreen"
244-->src\main\AndroidManifest.xml:280:13-80
245            android:windowSoftInputMode="stateHidden|adjustNothing" />
245-->src\main\AndroidManifest.xml:281:13-68
246        <activity
246-->src\main\AndroidManifest.xml:284:9-290:56
247            android:name="com.dreamguys.truelysell.MyBookingRequestsActivity"
247-->src\main\AndroidManifest.xml:285:13-54
248            android:configChanges="layoutDirection|locale"
248-->src\main\AndroidManifest.xml:286:13-59
249            android:screenOrientation="portrait"
249-->src\main\AndroidManifest.xml:287:13-49
250            android:theme="@style/Theme.AppCompat.Light.NoActionBar.FullScreen"
250-->src\main\AndroidManifest.xml:288:13-80
251            android:windowSoftInputMode="stateHidden|adjustNothing" />
251-->src\main\AndroidManifest.xml:289:13-68
252        <activity
252-->src\main\AndroidManifest.xml:292:9-298:56
253            android:name="com.dreamguys.truelysell.SubCategoryListActivityNew"
253-->src\main\AndroidManifest.xml:293:13-55
254            android:configChanges="layoutDirection|locale"
254-->src\main\AndroidManifest.xml:294:13-59
255            android:screenOrientation="portrait"
255-->src\main\AndroidManifest.xml:295:13-49
256            android:theme="@style/Theme.AppCompat.Light.NoActionBar.FullScreen"
256-->src\main\AndroidManifest.xml:296:13-80
257            android:windowSoftInputMode="stateHidden|adjustNothing" />
257-->src\main\AndroidManifest.xml:297:13-68
258        <activity
258-->src\main\AndroidManifest.xml:300:9-306:56
259            android:name="com.dreamguys.truelysell.ProviderBookingsActivity"
259-->src\main\AndroidManifest.xml:301:13-53
260            android:configChanges="layoutDirection|locale"
260-->src\main\AndroidManifest.xml:302:13-59
261            android:screenOrientation="portrait"
261-->src\main\AndroidManifest.xml:303:13-49
262            android:theme="@style/Theme.AppCompat.Light.NoActionBar.FullScreen"
262-->src\main\AndroidManifest.xml:304:13-80
263            android:windowSoftInputMode="stateHidden|adjustNothing" />
263-->src\main\AndroidManifest.xml:305:13-68
264        <activity
264-->src\main\AndroidManifest.xml:308:9-314:56
265            android:name="com.dreamguys.truelysell.CategoryListActivity"
265-->src\main\AndroidManifest.xml:309:13-49
266            android:configChanges="layoutDirection|locale"
266-->src\main\AndroidManifest.xml:310:13-59
267            android:screenOrientation="portrait"
267-->src\main\AndroidManifest.xml:311:13-49
268            android:theme="@style/Theme.AppCompat.Light.NoActionBar.FullScreen"
268-->src\main\AndroidManifest.xml:312:13-80
269            android:windowSoftInputMode="stateHidden|adjustNothing" />
269-->src\main\AndroidManifest.xml:313:13-68
270        <activity
270-->src\main\AndroidManifest.xml:316:9-322:56
271            android:name="com.dreamguys.truelysell.MyNotificationActivity"
271-->src\main\AndroidManifest.xml:317:13-51
272            android:configChanges="layoutDirection|locale"
272-->src\main\AndroidManifest.xml:318:13-59
273            android:screenOrientation="portrait"
273-->src\main\AndroidManifest.xml:319:13-49
274            android:theme="@style/Theme.AppCompat.Light.NoActionBar.FullScreen"
274-->src\main\AndroidManifest.xml:320:13-80
275            android:windowSoftInputMode="stateHidden|adjustNothing" />
275-->src\main\AndroidManifest.xml:321:13-68
276        <activity
276-->src\main\AndroidManifest.xml:324:9-329:56
277            android:name="com.dreamguys.truelysell.wallet.AddWalletActivity"
277-->src\main\AndroidManifest.xml:325:13-53
278            android:configChanges="layoutDirection|locale"
278-->src\main\AndroidManifest.xml:326:13-59
279            android:screenOrientation="portrait"
279-->src\main\AndroidManifest.xml:327:13-49
280            android:theme="@style/Theme.AppCompat.Light.NoActionBar.FullScreen" />
280-->src\main\AndroidManifest.xml:328:13-80
281        <activity
281-->src\main\AndroidManifest.xml:331:9-337:56
282            android:name="com.dreamguys.truelysell.wallet.WalletDashBoard"
282-->src\main\AndroidManifest.xml:332:13-51
283            android:configChanges="layoutDirection|locale"
283-->src\main\AndroidManifest.xml:333:13-59
284            android:screenOrientation="portrait"
284-->src\main\AndroidManifest.xml:334:13-49
285            android:theme="@style/Theme.AppCompat.Light.NoActionBar.FullScreen"
285-->src\main\AndroidManifest.xml:335:13-80
286            android:windowSoftInputMode="adjustPan" />
286-->src\main\AndroidManifest.xml:336:13-52
287        <activity
287-->src\main\AndroidManifest.xml:339:9-345:56
288            android:name="com.dreamguys.truelysell.wallet.CardListActivity"
288-->src\main\AndroidManifest.xml:340:13-52
289            android:configChanges="layoutDirection|locale"
289-->src\main\AndroidManifest.xml:341:13-59
290            android:screenOrientation="portrait"
290-->src\main\AndroidManifest.xml:342:13-49
291            android:theme="@style/Theme.AppCompat.Light.NoActionBar.FullScreen"
291-->src\main\AndroidManifest.xml:343:13-80
292            android:windowSoftInputMode="adjustPan" />
292-->src\main\AndroidManifest.xml:344:13-52
293        <activity
293-->src\main\AndroidManifest.xml:347:9-353:56
294            android:name="com.dreamguys.truelysell.wallet.WithdrawListActivity"
294-->src\main\AndroidManifest.xml:348:13-56
295            android:configChanges="layoutDirection|locale"
295-->src\main\AndroidManifest.xml:349:13-59
296            android:screenOrientation="portrait"
296-->src\main\AndroidManifest.xml:350:13-49
297            android:theme="@style/Theme.AppCompat.Light.NoActionBar.FullScreen"
297-->src\main\AndroidManifest.xml:351:13-80
298            android:windowSoftInputMode="adjustPan" />
298-->src\main\AndroidManifest.xml:352:13-52
299        <activity
299-->src\main\AndroidManifest.xml:355:9-361:56